[0.513s] Invoking command in '/home/vitor/Projetos-de-Trainee-ROS2-/src/ser_cli': PYTHONPATH=/home/vitor/Projetos-de-Trainee-ROS2-/build/ser_cli/prefix_override:/usr/lib/python3/dist-packages/colcon_core/task/python/colcon_distutils_commands:/home/vitor/Projetos-de-Trainee-ROS2-/install/ser_cli/lib/python3.10/site-packages:${PYTHONPATH} /usr/bin/python3 -W ignore:setup.py install is deprecated -W ignore:easy_install command is deprecated setup.py egg_info --egg-base ../../build/ser_cli build --build-base /home/vitor/Projetos-de-Trainee-ROS2-/build/ser_cli/build install --record /home/vitor/Projetos-de-Trainee-ROS2-/build/ser_cli/install.log --single-version-externally-managed install_data
[0.724s] running egg_info
[0.724s] creating ../../build/ser_cli/ser_cli.egg-info
[0.724s] writing ../../build/ser_cli/ser_cli.egg-info/PKG-INFO
[0.725s] writing dependency_links to ../../build/ser_cli/ser_cli.egg-info/dependency_links.txt
[0.725s] writing entry points to ../../build/ser_cli/ser_cli.egg-info/entry_points.txt
[0.725s] writing requirements to ../../build/ser_cli/ser_cli.egg-info/requires.txt
[0.725s] writing top-level names to ../../build/ser_cli/ser_cli.egg-info/top_level.txt
[0.725s] writing manifest file '../../build/ser_cli/ser_cli.egg-info/SOURCES.txt'
[0.727s] reading manifest file '../../build/ser_cli/ser_cli.egg-info/SOURCES.txt'
[0.727s] adding license file 'LICENSE'
[0.727s] writing manifest file '../../build/ser_cli/ser_cli.egg-info/SOURCES.txt'
[0.727s] running build
[0.728s] running build_py
[0.728s] creating /home/vitor/Projetos-de-Trainee-ROS2-/build/ser_cli/build
[0.728s] creating /home/vitor/Projetos-de-Trainee-ROS2-/build/ser_cli/build/lib
[0.728s] creating /home/vitor/Projetos-de-Trainee-ROS2-/build/ser_cli/build/lib/ser_cli
[0.728s] copying ser_cli/codigo_cliente.py -> /home/vitor/Projetos-de-Trainee-ROS2-/build/ser_cli/build/lib/ser_cli
[0.728s] copying ser_cli/codigo_servidor.py -> /home/vitor/Projetos-de-Trainee-ROS2-/build/ser_cli/build/lib/ser_cli
[0.728s] copying ser_cli/__init__.py -> /home/vitor/Projetos-de-Trainee-ROS2-/build/ser_cli/build/lib/ser_cli
[0.728s] running install
[0.728s] running install_lib
[0.729s] creating /home/vitor/Projetos-de-Trainee-ROS2-/install/ser_cli/lib/python3.10/site-packages/ser_cli
[0.729s] copying /home/vitor/Projetos-de-Trainee-ROS2-/build/ser_cli/build/lib/ser_cli/codigo_cliente.py -> /home/vitor/Projetos-de-Trainee-ROS2-/install/ser_cli/lib/python3.10/site-packages/ser_cli
[0.729s] copying /home/vitor/Projetos-de-Trainee-ROS2-/build/ser_cli/build/lib/ser_cli/codigo_servidor.py -> /home/vitor/Projetos-de-Trainee-ROS2-/install/ser_cli/lib/python3.10/site-packages/ser_cli
[0.730s] copying /home/vitor/Projetos-de-Trainee-ROS2-/build/ser_cli/build/lib/ser_cli/__init__.py -> /home/vitor/Projetos-de-Trainee-ROS2-/install/ser_cli/lib/python3.10/site-packages/ser_cli
[0.730s] byte-compiling /home/vitor/Projetos-de-Trainee-ROS2-/install/ser_cli/lib/python3.10/site-packages/ser_cli/codigo_cliente.py to codigo_cliente.cpython-310.pyc
[0.730s] byte-compiling /home/vitor/Projetos-de-Trainee-ROS2-/install/ser_cli/lib/python3.10/site-packages/ser_cli/codigo_servidor.py to codigo_servidor.cpython-310.pyc
[0.731s] byte-compiling /home/vitor/Projetos-de-Trainee-ROS2-/install/ser_cli/lib/python3.10/site-packages/ser_cli/__init__.py to __init__.cpython-310.pyc
[0.731s] running install_data
[0.731s] creating /home/vitor/Projetos-de-Trainee-ROS2-/install/ser_cli/share/ament_index
[0.731s] creating /home/vitor/Projetos-de-Trainee-ROS2-/install/ser_cli/share/ament_index/resource_index
[0.731s] creating /home/vitor/Projetos-de-Trainee-ROS2-/install/ser_cli/share/ament_index/resource_index/packages
[0.731s] copying resource/ser_cli -> /home/vitor/Projetos-de-Trainee-ROS2-/install/ser_cli/share/ament_index/resource_index/packages
[0.731s] copying package.xml -> /home/vitor/Projetos-de-Trainee-ROS2-/install/ser_cli/share/ser_cli
[0.731s] running install_egg_info
[0.733s] Copying ../../build/ser_cli/ser_cli.egg-info to /home/vitor/Projetos-de-Trainee-ROS2-/install/ser_cli/lib/python3.10/site-packages/ser_cli-0.0.0-py3.10.egg-info
[0.734s] running install_scripts
[0.751s] Installing client script to /home/vitor/Projetos-de-Trainee-ROS2-/install/ser_cli/lib/ser_cli
[0.752s] Installing service script to /home/vitor/Projetos-de-Trainee-ROS2-/install/ser_cli/lib/ser_cli
[0.752s] writing list of installed files to '/home/vitor/Projetos-de-Trainee-ROS2-/build/ser_cli/install.log'
[0.770s] Invoked command in '/home/vitor/Projetos-de-Trainee-ROS2-/src/ser_cli' returned '0': PYTHONPATH=/home/vitor/Projetos-de-Trainee-ROS2-/build/ser_cli/prefix_override:/usr/lib/python3/dist-packages/colcon_core/task/python/colcon_distutils_commands:/home/vitor/Projetos-de-Trainee-ROS2-/install/ser_cli/lib/python3.10/site-packages:${PYTHONPATH} /usr/bin/python3 -W ignore:setup.py install is deprecated -W ignore:easy_install command is deprecated setup.py egg_info --egg-base ../../build/ser_cli build --build-base /home/vitor/Projetos-de-Trainee-ROS2-/build/ser_cli/build install --record /home/vitor/Projetos-de-Trainee-ROS2-/build/ser_cli/install.log --single-version-externally-managed install_data
