running egg_info
writing ../../build/publ_ass/publ_ass.egg-info/PKG-INFO
writing dependency_links to ../../build/publ_ass/publ_ass.egg-info/dependency_links.txt
writing entry points to ../../build/publ_ass/publ_ass.egg-info/entry_points.txt
writing requirements to ../../build/publ_ass/publ_ass.egg-info/requires.txt
writing top-level names to ../../build/publ_ass/publ_ass.egg-info/top_level.txt
reading manifest file '../../build/publ_ass/publ_ass.egg-info/SOURCES.txt'
adding license file 'LICENSE'
writing manifest file '../../build/publ_ass/publ_ass.egg-info/SOURCES.txt'
running build
running build_py
running install
running install_lib
running install_data
running install_egg_info
removing '/home/vitor/Projetos-de-Trainee-ROS2-/install/publ_ass/lib/python3.10/site-packages/publ_ass-0.0.0-py3.10.egg-info' (and everything under it)
Copying ../../build/publ_ass/publ_ass.egg-info to /home/vitor/Projetos-de-Trainee-ROS2-/install/publ_ass/lib/python3.10/site-packages/publ_ass-0.0.0-py3.10.egg-info
running install_scripts
Installing listener script to /home/vitor/Projetos-de-Trainee-ROS2-/install/publ_ass/lib/publ_ass
Installing talker script to /home/vitor/Projetos-de-Trainee-ROS2-/install/publ_ass/lib/publ_ass
writing list of installed files to '/home/vitor/Projetos-de-Trainee-ROS2-/build/publ_ass/install.log'
