[0.534s] Invoking command in '/home/vitor/Projetos-de-Trainee-ROS2-/src/publ_ass': PYTHONPATH=/home/vitor/Projetos-de-Trainee-ROS2-/build/publ_ass/prefix_override:/usr/lib/python3/dist-packages/colcon_core/task/python/colcon_distutils_commands:/home/vitor/Projetos-de-Trainee-ROS2-/install/publ_ass/lib/python3.10/site-packages:${PYTHONPATH} /usr/bin/python3 -W ignore:setup.py install is deprecated -W ignore:easy_install command is deprecated setup.py egg_info --egg-base ../../build/publ_ass build --build-base /home/vitor/Projetos-de-Trainee-ROS2-/build/publ_ass/build install --record /home/vitor/Projetos-de-Trainee-ROS2-/build/publ_ass/install.log --single-version-externally-managed install_data
[0.744s] running egg_info
[0.745s] writing ../../build/publ_ass/publ_ass.egg-info/PKG-INFO
[0.745s] writing dependency_links to ../../build/publ_ass/publ_ass.egg-info/dependency_links.txt
[0.745s] writing entry points to ../../build/publ_ass/publ_ass.egg-info/entry_points.txt
[0.745s] writing requirements to ../../build/publ_ass/publ_ass.egg-info/requires.txt
[0.745s] writing top-level names to ../../build/publ_ass/publ_ass.egg-info/top_level.txt
[0.747s] reading manifest file '../../build/publ_ass/publ_ass.egg-info/SOURCES.txt'
[0.747s] adding license file 'LICENSE'
[0.748s] writing manifest file '../../build/publ_ass/publ_ass.egg-info/SOURCES.txt'
[0.748s] running build
[0.748s] running build_py
[0.748s] running install
[0.748s] running install_lib
[0.749s] running install_data
[0.749s] running install_egg_info
[0.751s] removing '/home/vitor/Projetos-de-Trainee-ROS2-/install/publ_ass/lib/python3.10/site-packages/publ_ass-0.0.0-py3.10.egg-info' (and everything under it)
[0.751s] Copying ../../build/publ_ass/publ_ass.egg-info to /home/vitor/Projetos-de-Trainee-ROS2-/install/publ_ass/lib/python3.10/site-packages/publ_ass-0.0.0-py3.10.egg-info
[0.752s] running install_scripts
[0.770s] Installing listener script to /home/vitor/Projetos-de-Trainee-ROS2-/install/publ_ass/lib/publ_ass
[0.770s] Installing talker script to /home/vitor/Projetos-de-Trainee-ROS2-/install/publ_ass/lib/publ_ass
[0.770s] writing list of installed files to '/home/vitor/Projetos-de-Trainee-ROS2-/build/publ_ass/install.log'
[0.790s] Invoked command in '/home/vitor/Projetos-de-Trainee-ROS2-/src/publ_ass' returned '0': PYTHONPATH=/home/vitor/Projetos-de-Trainee-ROS2-/build/publ_ass/prefix_override:/usr/lib/python3/dist-packages/colcon_core/task/python/colcon_distutils_commands:/home/vitor/Projetos-de-Trainee-ROS2-/install/publ_ass/lib/python3.10/site-packages:${PYTHONPATH} /usr/bin/python3 -W ignore:setup.py install is deprecated -W ignore:easy_install command is deprecated setup.py egg_info --egg-base ../../build/publ_ass build --build-base /home/vitor/Projetos-de-Trainee-ROS2-/build/publ_ass/build install --record /home/vitor/Projetos-de-Trainee-ROS2-/build/publ_ass/install.log --single-version-externally-managed install_data
